
  Memory set to   1.863 GiB by Python driver.
  Threads set to 10 by Python driver.
                                                  monAs  ... pbe0_adz_grac_A
0     [0, 1, 2, 3, 4, 5, 6, 7, 8, 9, 10, 11, 12, 13,...  ...        0.064849
1     [0, 1, 2, 3, 4, 5, 6, 7, 8, 9, 10, 11, 12, 13,...  ...        0.064849
2     [0, 1, 2, 3, 4, 5, 6, 7, 8, 9, 10, 11, 12, 13,...  ...        0.064849
3     [0, 1, 2, 3, 4, 5, 6, 7, 8, 9, 10, 11, 12, 13,...  ...        0.064849
4     [0, 1, 2, 3, 4, 5, 6, 7, 8, 9, 10, 11, 12, 13,...  ...        0.064849
...                                                 ...  ...             ...
8294                           [0, 1, 2, 3, 4, 5, 6, 7]  ...             NaN
8295                        [0, 1, 2, 3, 4, 5, 6, 7, 8]  ...             NaN
8296                 [0, 1, 2, 3, 4, 5, 6, 7, 8, 9, 10]  ...             NaN
8297                           [0, 1, 2, 3, 4, 5, 6, 7]  ...             NaN
8298                        [0, 1, 2, 3, 4, 5, 6, 7, 8]  ...             NaN

[8299 rows x 51 columns]

1	-0.9233871104	2.6203255761	1.2286088669
1	0.9233871104	2.6203255761	1.2286088669
1	0.9233871104	2.6203255761	-1.2286088669
1	-0.9233871104	2.6203255761	-1.2286088669
6	0.0000000000	2.6203255761	-0.6666166303
6	0.0000000000	2.6203255761	0.6666166303

1	-0.9233871104	2.6203255761	1.2286088669
1	0.9233871104	2.6203255761	1.2286088669
1	0.9233871104	2.6203255761	-1.2286088669
1	-0.9233871104	2.6203255761	-1.2286088669
6	0.0000000000	2.6203255761	-0.6666166303
6	0.0000000000	2.6203255761	0.6666166303

